{"@timestamp":"2025-04-23T22:28:16.2045868+03:00","level":"WARN","logger_name":"org.springframework.boot.autoconfigure.orm.jpa.JpaBaseConfiguration$JpaWebConfiguration","thread_name":"restartedMain","message":"spring.jpa.open-in-view is enabled by default. Therefore, database queries may be performed during view rendering. Explicitly configure spring.jpa.open-in-view to disable this warning"}
{"@timestamp":"2025-04-23T22:28:16.6403768+03:00","level":"INFO","logger_name":"org.springframework.boot.autoconfigure.h2.H2ConsoleAutoConfiguration","thread_name":"restartedMain","message":"H2 console available at '/h2-console'. Database available at 'jdbc:h2:mem:d3dbde54-348b-49e2-924c-df12d363edd4'"}
{"@timestamp":"2025-04-23T22:28:16.6626751+03:00","level":"INFO","logger_name":"org.springframework.boot.actuate.endpoint.web.EndpointLinksResolver","thread_name":"restartedMain","message":"Exposing 1 endpoint beneath base path '/actuator'"}
{"@timestamp":"2025-04-23T22:28:16.718434+03:00","level":"INFO","logger_name":"org.springframework.boot.devtools.autoconfigure.OptionalLiveReloadServer","thread_name":"restartedMain","message":"LiveReload server is running on port 35729"}
{"@timestamp":"2025-04-23T22:28:16.7346951+03:00","level":"INFO","logger_name":"org.apache.coyote.http11.Http11NioProtocol","thread_name":"restartedMain","message":"Starting ProtocolHandler [\"http-nio-8080\"]"}
{"@timestamp":"2025-04-23T22:28:16.7376946+03:00","level":"INFO","logger_name":"org.springframework.boot.web.embedded.tomcat.TomcatWebServer","thread_name":"restartedMain","message":"Tomcat started on port 8080 (http) with context path '/'"}
{"@timestamp":"2025-04-23T22:28:16.741694+03:00","level":"INFO","logger_name":"com.itbulls.springdemo.SpringdemoApplication","thread_name":"restartedMain","message":"Started SpringdemoApplication in 1.304 seconds (process running for 48.799)"}
{"@timestamp":"2025-04-23T22:28:16.7439201+03:00","level":"INFO","logger_name":"org.springframework.boot.devtools.autoconfigure.ConditionEvaluationDeltaLoggingListener","thread_name":"restartedMain","message":"Condition evaluation unchanged"}
{"@timestamp":"2025-04-23T22:28:21.250474+03:00","level":"INFO","logger_name":"org.apache.catalina.core.ContainerBase.[Tomcat].[localhost].[/]","thread_name":"tomcat-handler-0","message":"Initializing Spring DispatcherServlet 'dispatcherServlet'"}
{"@timestamp":"2025-04-23T22:28:21.2513966+03:00","level":"INFO","logger_name":"org.springframework.web.servlet.DispatcherServlet","thread_name":"tomcat-handler-0","message":"Initializing Servlet 'dispatcherServlet'"}
{"@timestamp":"2025-04-23T22:28:21.2534755+03:00","level":"INFO","logger_name":"org.springframework.web.servlet.DispatcherServlet","thread_name":"tomcat-handler-0","message":"Completed initialization in 2 ms"}
{"@timestamp":"2025-04-23T22:28:21.2574684+03:00","level":"INFO","logger_name":"com.itbulls.springdemo.structuredlogging.PaymentsLoggingController","thread_name":"tomcat-handler-0","message":"Getting payments","traceId":"68093f55e17614e61026c53e283237d7","spanId":"ca9b9db58037520f"}
{"@timestamp":"2025-04-23T22:28:21.4706439+03:00","level":"INFO","logger_name":"com.itbulls.springdemo.structuredlogging.PaymentsLoggingController","thread_name":"tomcat-handler-1","message":"Getting payments","traceId":"68093f55e303617705a345bc27cdbf8d","spanId":"e8dd095633753825"}
{"@timestamp":"2025-04-23T22:28:21.5783111+03:00","level":"INFO","logger_name":"com.itbulls.springdemo.structuredlogging.PaymentsLoggingController","thread_name":"tomcat-handler-2","message":"Getting payments","traceId":"68093f55026474b470addc3a847ada98","spanId":"0546ecc5f41d938d"}
{"@timestamp":"2025-04-23T22:28:27.61945+03:00","level":"INFO","logger_name":"com.itbulls.springdemo.structuredlogging.PaymentsLoggingController","thread_name":"tomcat-handler-3","message":"Getting payments","traceId":"68093f5bc1de07768e455142540dd42a","spanId":"91d2e6a588a39fd4"}
{"@timestamp":"2025-04-23T22:28:27.7866556+03:00","level":"INFO","logger_name":"com.itbulls.springdemo.structuredlogging.PaymentsLoggingController","thread_name":"tomcat-handler-4","message":"Getting payments","traceId":"68093f5b35ea4d70e53695d0f0b7a4d9","spanId":"b6f37a9aefa89614"}
{"@timestamp":"2025-04-23T22:28:27.9648862+03:00","level":"INFO","logger_name":"com.itbulls.springdemo.structuredlogging.PaymentsLoggingController","thread_name":"tomcat-handler-5","message":"Getting payments","traceId":"68093f5b3e8133cce663cbd3ba0e6327","spanId":"76fdd304990ec5e6"}
{"@timestamp":"2025-04-23T22:30:21.5482018+03:00","level":"INFO","logger_name":"com.itbulls.springdemo.structuredlogging.PaymentsLoggingController","thread_name":"tomcat-handler-8","message":"Getting payments","traceId":"68093fcd21f7eb7bf100c054ed8ddaa7","spanId":"d7b579c5d685151f"}
{"@timestamp":"2025-04-23T22:30:21.8521285+03:00","level":"INFO","logger_name":"com.itbulls.springdemo.structuredlogging.PaymentsLoggingController","thread_name":"tomcat-handler-9","message":"Getting payments","traceId":"68093fcdf4710de15167ca1b56886bf2","spanId":"ecb3dbb2e40f0370"}
{"@timestamp":"2025-04-23T22:30:32.5558669+03:00","level":"INFO","logger_name":"com.itbulls.springdemo.structuredlogging.PaymentsLoggingController","thread_name":"tomcat-handler-10","message":"Getting payments","traceId":"68093fd8dcff760d0f7cb21fb5a9e172","spanId":"02a02eebd6baf8c4"}
{"@timestamp":"2025-04-23T22:30:32.9694297+03:00","level":"INFO","logger_name":"com.itbulls.springdemo.structuredlogging.PaymentsLoggingController","thread_name":"tomcat-handler-11","message":"Getting payments","traceId":"68093fd8f8fd9144d5f353bfc0865aea","spanId":"eb8dde09f6e05aea"}
{"@timestamp":"2025-04-23T22:30:33.1367576+03:00","level":"INFO","logger_name":"com.itbulls.springdemo.structuredlogging.PaymentsLoggingController","thread_name":"tomcat-handler-12","message":"Getting payments","traceId":"68093fd9f8a9e3035cb06edd4f2ac737","spanId":"6967978ad0f4f8d4"}
{"@timestamp":"2025-04-23T22:30:33.2990075+03:00","level":"INFO","logger_name":"com.itbulls.springdemo.structuredlogging.PaymentsLoggingController","thread_name":"tomcat-handler-13","message":"Getting payments","traceId":"68093fd9d9dc38ebfc532dfb221d2bdc","spanId":"1cb74514a4ef4f3d"}
{"@timestamp":"2025-04-23T22:30:47.5130426+03:00","level":"INFO","logger_name":"com.itbulls.springdemo.structuredlogging.PaymentsLoggingController","thread_name":"tomcat-handler-14","message":"Getting payments","traceId":"68093fe7c8c273e63a20bb15de9354e9","spanId":"2e97003a61914af2"}
{"@timestamp":"2025-04-23T22:30:47.680162+03:00","level":"INFO","logger_name":"com.itbulls.springdemo.structuredlogging.PaymentsLoggingController","thread_name":"tomcat-handler-15","message":"Getting payments","traceId":"68093fe75fd8c92ffee2637d5f372645","spanId":"7f7ef29bc600b59f"}
{"@timestamp":"2025-04-23T22:30:47.8572233+03:00","level":"INFO","logger_name":"com.itbulls.springdemo.structuredlogging.PaymentsLoggingController","thread_name":"tomcat-handler-16","message":"Getting payments","traceId":"68093fe7c017188ac2a3ce13490b439c","spanId":"6a8fbe1681fd5aeb"}
{"@timestamp":"2025-04-23T22:30:48.0612751+03:00","level":"INFO","logger_name":"com.itbulls.springdemo.structuredlogging.PaymentsLoggingController","thread_name":"tomcat-handler-17","message":"Getting payments","traceId":"68093fe80dff48bf667af2dd03835e75","spanId":"89cbd562d25097aa"}
